<?xml version="1.0" encoding="UTF-8"?>
<testng-results skipped="0" failed="0" total="1" passed="1">
  <reporter-output>
  </reporter-output>
  <suite name="Default suite" duration-ms="2869" started-at="2019-06-23T02:57:58Z" finished-at="2019-06-23T02:58:01Z">
    <groups>
    </groups>
    <test name="Default test" duration-ms="2869" started-at="2019-06-23T02:57:58Z" finished-at="2019-06-23T02:58:01Z">
      <class name="com.basic.TestingGoogleWebSite">
        <test-method status="PASS" signature="testGoogle()[pri:0, instance:com.basic.TestingGoogleWebSite@36d64342]" name="testGoogle" duration-ms="2832" started-at="2019-06-23T08:27:58Z" finished-at="2019-06-23T08:28:01Z">
          <reporter-output>
          </reporter-output>
        </test-method> <!-- testGoogle -->
      </class> <!-- com.basic.TestingGoogleWebSite -->
    </test> <!-- Default test -->
  </suite> <!-- Default suite -->
</testng-results>
